d:\vs\faketooth\win7debug\fakemouse.sys
d:\vs\faketooth\fakemouse\win7debug\fakemouse.inf
d:\vs\faketooth\fakemouse\win7debug\vc120.pdb
d:\vs\faketooth\fakemouse\win7debug\m_reader.obj
d:\vs\faketooth\fakemouse\win7debug\m_queue.obj
d:\vs\faketooth\fakemouse\win7debug\m_pnp.obj
d:\vs\faketooth\fakemouse\win7debug\m_driver.obj
d:\vs\faketooth\win7debug\fakemouse.pdb
d:\vs\faketooth\win7debug\fakemouse.cer
d:\vs\faketooth\win7debug\fakemouse.inf
d:\vs\faketooth\fakemouse\win7debug\signtool.command.1.tlog
d:\vs\faketooth\fakemouse\win7debug\signtool.read.1.tlog
d:\vs\faketooth\fakemouse\win7debug\signtool.write.1.tlog
d:\vs\faketooth\fakemouse\win7debug\stampinf.command.1.tlog
d:\vs\faketooth\fakemouse\win7debug\stampinf.read.1.tlog
d:\vs\faketooth\fakemouse\win7debug\stampinf.write.1.tlog
d:\vs\faketooth\fakemouse\win7debug\fakemouse.tlog\cl.command.1.tlog
d:\vs\faketooth\fakemouse\win7debug\fakemouse.tlog\cl.read.1.tlog
d:\vs\faketooth\fakemouse\win7debug\fakemouse.tlog\cl.write.1.tlog
d:\vs\faketooth\fakemouse\win7debug\fakemouse.tlog\link.command.1.tlog
d:\vs\faketooth\fakemouse\win7debug\fakemouse.tlog\link.read.1.tlog
d:\vs\faketooth\fakemouse\win7debug\fakemouse.tlog\link.write.1.tlog
