d:\vs\faketooth\win7debug\fakekeyboard.sys
d:\vs\faketooth\fakekeyboard\win7debug\fakekeyboard.inf
d:\vs\faketooth\fakekeyboard\win7debug\vc120.pdb
d:\vs\faketooth\fakekeyboard\win7debug\k_reader.obj
d:\vs\faketooth\fakekeyboard\win7debug\k_queue.obj
d:\vs\faketooth\fakekeyboard\win7debug\k_pnp.obj
d:\vs\faketooth\fakekeyboard\win7debug\k_driver.obj
d:\vs\faketooth\win7debug\fakekeyboard.pdb
d:\vs\faketooth\win7debug\fakekeyboard.cer
d:\vs\faketooth\win7debug\fakekeyboard.inf
d:\vs\faketooth\fakekeyboard\win7debug\signtool.command.1.tlog
d:\vs\faketooth\fakekeyboard\win7debug\signtool.read.1.tlog
d:\vs\faketooth\fakekeyboard\win7debug\signtool.write.1.tlog
d:\vs\faketooth\fakekeyboard\win7debug\stampinf.command.1.tlog
d:\vs\faketooth\fakekeyboard\win7debug\stampinf.read.1.tlog
d:\vs\faketooth\fakekeyboard\win7debug\stampinf.write.1.tlog
d:\vs\faketooth\fakekeyboard\win7debug\fakekeyboard.tlog\cl.command.1.tlog
d:\vs\faketooth\fakekeyboard\win7debug\fakekeyboard.tlog\cl.read.1.tlog
d:\vs\faketooth\fakekeyboard\win7debug\fakekeyboard.tlog\cl.write.1.tlog
d:\vs\faketooth\fakekeyboard\win7debug\fakekeyboard.tlog\link.command.1.tlog
d:\vs\faketooth\fakekeyboard\win7debug\fakekeyboard.tlog\link.read.1.tlog
d:\vs\faketooth\fakekeyboard\win7debug\fakekeyboard.tlog\link.write.1.tlog
